<?xml version="1.0" encoding="UTF-8"?>
<testsuite xmlns:xsi="http://www.w3.org/2001/XMLSchema-instance" xsi:noNamespaceSchemaLocation="https://maven.apache.org/surefire/maven-surefire-plugin/xsd/surefire-test-report-3.0.xsd" version="3.0" name="org.example.foodrecipeplatform.CardDataTest" time="0.109" tests="9" errors="0" skipped="0" failures="0">
  <properties>
    <property name="java.specification.version" value="23"/>
    <property name="sun.jnu.encoding" value="UTF-8"/>
    <property name="java.class.path" value="/Users/gabriel/Food-Recipe-Platform/target/test-classes:/Users/gabriel/.m2/repository/junit/junit/4.10/junit-4.10.jar:/Users/gabriel/.m2/repository/org/hamcrest/hamcrest-core/1.1/hamcrest-core-1.1.jar:/Users/gabriel/.m2/repository/org/openjfx/javafx-controls/21/javafx-controls-21.jar:/Users/gabriel/.m2/repository/org/openjfx/javafx-graphics/21/javafx-graphics-21.jar:/Users/gabriel/.m2/repository/org/openjfx/javafx-base/21/javafx-base-21.jar:/Users/gabriel/.m2/repository/org/openjfx/javafx-fxml/21/javafx-fxml-21.jar:/Users/gabriel/.m2/repository/org/junit/jupiter/junit-jupiter-api/5.10.2/junit-jupiter-api-5.10.2.jar:/Users/gabriel/.m2/repository/org/opentest4j/opentest4j/1.3.0/opentest4j-1.3.0.jar:/Users/gabriel/.m2/repository/org/junit/platform/junit-platform-commons/1.10.2/junit-platform-commons-1.10.2.jar:/Users/gabriel/.m2/repository/org/apiguardian/apiguardian-api/1.1.2/apiguardian-api-1.1.2.jar:/Users/gabriel/.m2/repository/org/junit/jupiter/junit-jupiter-engine/5.10.0/junit-jupiter-engine-5.10.0.jar:/Users/gabriel/.m2/repository/org/junit/platform/junit-platform-engine/1.10.0/junit-platform-engine-1.10.0.jar:/Users/gabriel/.m2/repository/com/google/api-client/google-api-client/2.2.0/google-api-client-2.2.0.jar:/Users/gabriel/.m2/repository/com/google/oauth-client/google-oauth-client/1.34.1/google-oauth-client-1.34.1.jar:/Users/gabriel/.m2/repository/com/google/http-client/google-http-client-apache-v2/1.42.3/google-http-client-apache-v2-1.42.3.jar:/Users/gabriel/.m2/repository/com/google/api-client/google-api-client-gson/2.2.0/google-api-client-gson-2.2.0.jar:/Users/gabriel/.m2/repository/com/google/http-client/google-http-client/1.43.1/google-http-client-1.43.1.jar:/Users/gabriel/.m2/repository/com/google/cloud/google-cloud-storage/2.22.4/google-cloud-storage-2.22.4.jar:/Users/gabriel/.m2/repository/com/google/http-client/google-http-client-jackson2/1.43.1/google-http-client-jackson2-1.43.1.jar:/Users/gabriel/.m2/repository/com/google/apis/google-api-services-storage/v1-rev20230301-2.0.0/google-api-services-storage-v1-rev20230301-2.0.0.jar:/Users/gabriel/.m2/repository/com/google/cloud/google-cloud-core-http/2.19.0/google-cloud-core-http-2.19.0.jar:/Users/gabriel/.m2/repository/com/google/http-client/google-http-client-appengine/1.43.1/google-http-client-appengine-1.43.1.jar:/Users/gabriel/.m2/repository/com/google/api/grpc/proto-google-cloud-storage-v2/2.22.4-alpha/proto-google-cloud-storage-v2-2.22.4-alpha.jar:/Users/gabriel/.m2/repository/com/google/api/grpc/grpc-google-cloud-storage-v2/2.22.4-alpha/grpc-google-cloud-storage-v2-2.22.4-alpha.jar:/Users/gabriel/.m2/repository/com/google/api/grpc/gapic-google-cloud-storage-v2/2.22.4-alpha/gapic-google-cloud-storage-v2-2.22.4-alpha.jar:/Users/gabriel/.m2/repository/com/fasterxml/jackson/core/jackson-core/2.14.2/jackson-core-2.14.2.jar:/Users/gabriel/.m2/repository/io/grpc/grpc-rls/1.55.1/grpc-rls-1.55.1.jar:/Users/gabriel/.m2/repository/com/google/guava/guava/31.1-jre/guava-31.1-jre.jar:/Users/gabriel/.m2/repository/org/slf4j/slf4j-api/2.0.7/slf4j-api-2.0.7.jar:/Users/gabriel/.m2/repository/io/netty/netty-codec-http/4.1.94.Final/netty-codec-http-4.1.94.Final.jar:/Users/gabriel/.m2/repository/io/netty/netty-common/4.1.94.Final/netty-common-4.1.94.Final.jar:/Users/gabriel/.m2/repository/io/netty/netty-buffer/4.1.94.Final/netty-buffer-4.1.94.Final.jar:/Users/gabriel/.m2/repository/io/netty/netty-codec/4.1.94.Final/netty-codec-4.1.94.Final.jar:/Users/gabriel/.m2/repository/io/netty/netty-handler/4.1.94.Final/netty-handler-4.1.94.Final.jar:/Users/gabriel/.m2/repository/io/netty/netty-resolver/4.1.94.Final/netty-resolver-4.1.94.Final.jar:/Users/gabriel/.m2/repository/io/netty/netty-transport-native-unix-common/4.1.94.Final/netty-transport-native-unix-common-4.1.94.Final.jar:/Users/gabriel/.m2/repository/io/netty/netty-transport/4.1.94.Final/netty-transport-4.1.94.Final.jar:/Users/gabriel/.m2/repository/com/google/cloud/google-cloud-core-grpc/2.8.20/google-cloud-core-grpc-2.8.20.jar:/Users/gabriel/.m2/repository/io/grpc/grpc-core/1.49.2/grpc-core-1.49.2.jar:/Users/gabriel/.m2/repository/com/google/android/annotations/4.1.1.4/annotations-4.1.1.4.jar:/Users/gabriel/.m2/repository/org/codehaus/mojo/animal-sniffer-annotations/1.22/animal-sniffer-annotations-1.22.jar:/Users/gabriel/.m2/repository/io/perfmark/perfmark-api/0.25.0/perfmark-api-0.25.0.jar:/Users/gabriel/.m2/repository/org/apache/httpcomponents/httpclient/4.5.13/httpclient-4.5.13.jar:/Users/gabriel/.m2/repository/commons-logging/commons-logging/1.2/commons-logging-1.2.jar:/Users/gabriel/.m2/repository/commons-codec/commons-codec/1.15/commons-codec-1.15.jar:/Users/gabriel/.m2/repository/org/apache/httpcomponents/httpcore/4.4.15/httpcore-4.4.15.jar:/Users/gabriel/.m2/repository/io/opencensus/opencensus-contrib-http-util/0.31.1/opencensus-contrib-http-util-0.31.1.jar:/Users/gabriel/.m2/repository/com/google/api/grpc/proto-google-cloud-firestore-v1/3.6.0/proto-google-cloud-firestore-v1-3.6.0.jar:/Users/gabriel/.m2/repository/com/google/cloud/proto-google-cloud-firestore-bundle-v1/3.6.0/proto-google-cloud-firestore-bundle-v1-3.6.0.jar:/Users/gabriel/.m2/repository/com/google/auto/value/auto-value-annotations/1.9/auto-value-annotations-1.9.jar:/Users/gabriel/.m2/repository/io/opencensus/opencensus-contrib-grpc-util/0.31.1/opencensus-contrib-grpc-util-0.31.1.jar:/Users/gabriel/.m2/repository/com/google/code/findbugs/jsr305/3.0.2/jsr305-3.0.2.jar:/Users/gabriel/.m2/repository/javax/annotation/javax.annotation-api/1.3.2/javax.annotation-api-1.3.2.jar:/Users/gabriel/.m2/repository/io/grpc/grpc-protobuf/1.49.2/grpc-protobuf-1.49.2.jar:/Users/gabriel/.m2/repository/io/grpc/grpc-protobuf-lite/1.49.2/grpc-protobuf-lite-1.49.2.jar:/Users/gabriel/.m2/repository/io/grpc/grpc-context/1.49.2/grpc-context-1.49.2.jar:/Users/gabriel/.m2/repository/com/google/protobuf/protobuf-java/3.21.7/protobuf-java-3.21.7.jar:/Users/gabriel/.m2/repository/com/google/api/grpc/proto-google-common-protos/2.9.6/proto-google-common-protos-2.9.6.jar:/Users/gabriel/.m2/repository/com/google/api/gax/2.19.2/gax-2.19.2.jar:/Users/gabriel/.m2/repository/io/grpc/grpc-api/1.49.2/grpc-api-1.49.2.jar:/Users/gabriel/.m2/repository/com/google/errorprone/error_prone_annotations/2.15.0/error_prone_annotations-2.15.0.jar:/Users/gabriel/.m2/repository/com/google/api/gax-grpc/2.19.2/gax-grpc-2.19.2.jar:/Users/gabriel/.m2/repository/io/grpc/grpc-alts/1.49.2/grpc-alts-1.49.2.jar:/Users/gabriel/.m2/repository/io/grpc/grpc-grpclb/1.49.2/grpc-grpclb-1.49.2.jar:/Users/gabriel/.m2/repository/org/conscrypt/conscrypt-openjdk-uber/2.5.2/conscrypt-openjdk-uber-2.5.2.jar:/Users/gabriel/.m2/repository/io/grpc/grpc-auth/1.49.2/grpc-auth-1.49.2.jar:/Users/gabriel/.m2/repository/io/grpc/grpc-netty-shaded/1.49.2/grpc-netty-shaded-1.49.2.jar:/Users/gabriel/.m2/repository/io/grpc/grpc-googleapis/1.49.2/grpc-googleapis-1.49.2.jar:/Users/gabriel/.m2/repository/io/grpc/grpc-xds/1.49.2/grpc-xds-1.49.2.jar:/Users/gabriel/.m2/repository/io/opencensus/opencensus-proto/0.2.0/opencensus-proto-0.2.0.jar:/Users/gabriel/.m2/repository/io/grpc/grpc-services/1.49.2/grpc-services-1.49.2.jar:/Users/gabriel/.m2/repository/com/google/re2j/re2j/1.6/re2j-1.6.jar:/Users/gabriel/.m2/repository/com/google/api/gax-httpjson/0.104.2/gax-httpjson-0.104.2.jar:/Users/gabriel/.m2/repository/com/google/guava/failureaccess/1.0.1/failureaccess-1.0.1.jar:/Users/gabriel/.m2/repository/com/google/guava/listenablefuture/9999.0-empty-to-avoid-conflict-with-guava/listenablefuture-9999.0-empty-to-avoid-conflict-with-guava.jar:/Users/gabriel/.m2/repository/com/google/j2objc/j2objc-annotations/1.3/j2objc-annotations-1.3.jar:/Users/gabriel/.m2/repository/org/threeten/threetenbp/1.6.2/threetenbp-1.6.2.jar:/Users/gabriel/.m2/repository/io/grpc/grpc-stub/1.49.2/grpc-stub-1.49.2.jar:/Users/gabriel/.m2/repository/io/opencensus/opencensus-api/0.31.1/opencensus-api-0.31.1.jar:/Users/gabriel/.m2/repository/com/google/api/grpc/proto-google-iam-v1/1.6.2/proto-google-iam-v1-1.6.2.jar:/Users/gabriel/.m2/repository/com/google/http-client/google-http-client-gson/1.42.2/google-http-client-gson-1.42.2.jar:/Users/gabriel/.m2/repository/com/google/code/gson/gson/2.9.1/gson-2.9.1.jar:/Users/gabriel/.m2/repository/com/google/protobuf/protobuf-java-util/3.21.7/protobuf-java-util-3.21.7.jar:"/>
    <property name="java.vm.vendor" value="Homebrew"/>
    <property name="sun.arch.data.model" value="64"/>
    <property name="java.vendor.url" value="https://github.com/Homebrew/homebrew-core/issues"/>
    <property name="os.name" value="Mac OS X"/>
    <property name="java.vm.specification.version" value="23"/>
    <property name="sun.java.launcher" value="SUN_STANDARD"/>
    <property name="user.country" value="US"/>
    <property name="sun.boot.library.path" value="/usr/local/Cellar/openjdk/23.0.2/libexec/openjdk.jdk/Contents/Home/lib"/>
    <property name="sun.java.command" value="org.apache.maven.surefire.booter.ForkedBooter /Users/gabriel/Food-Recipe-Platform/target/surefire 2025-05-04T14-15-10_525-jvmRun1 surefire-20250504141511456_1tmp surefire_0-20250504141511456_2tmp"/>
    <property name="http.nonProxyHosts" value="local|*.local|169.254/16|*.169.254/16"/>
    <property name="jdk.debug" value="release"/>
    <property name="surefire.test.class.path" value="/Users/gabriel/Food-Recipe-Platform/target/test-classes:/Users/gabriel/.m2/repository/junit/junit/4.10/junit-4.10.jar:/Users/gabriel/.m2/repository/org/hamcrest/hamcrest-core/1.1/hamcrest-core-1.1.jar:/Users/gabriel/.m2/repository/org/openjfx/javafx-controls/21/javafx-controls-21.jar:/Users/gabriel/.m2/repository/org/openjfx/javafx-graphics/21/javafx-graphics-21.jar:/Users/gabriel/.m2/repository/org/openjfx/javafx-base/21/javafx-base-21.jar:/Users/gabriel/.m2/repository/org/openjfx/javafx-fxml/21/javafx-fxml-21.jar:/Users/gabriel/.m2/repository/org/junit/jupiter/junit-jupiter-api/5.10.2/junit-jupiter-api-5.10.2.jar:/Users/gabriel/.m2/repository/org/opentest4j/opentest4j/1.3.0/opentest4j-1.3.0.jar:/Users/gabriel/.m2/repository/org/junit/platform/junit-platform-commons/1.10.2/junit-platform-commons-1.10.2.jar:/Users/gabriel/.m2/repository/org/apiguardian/apiguardian-api/1.1.2/apiguardian-api-1.1.2.jar:/Users/gabriel/.m2/repository/org/junit/jupiter/junit-jupiter-engine/5.10.0/junit-jupiter-engine-5.10.0.jar:/Users/gabriel/.m2/repository/org/junit/platform/junit-platform-engine/1.10.0/junit-platform-engine-1.10.0.jar:/Users/gabriel/.m2/repository/com/google/api-client/google-api-client/2.2.0/google-api-client-2.2.0.jar:/Users/gabriel/.m2/repository/com/google/oauth-client/google-oauth-client/1.34.1/google-oauth-client-1.34.1.jar:/Users/gabriel/.m2/repository/com/google/http-client/google-http-client-apache-v2/1.42.3/google-http-client-apache-v2-1.42.3.jar:/Users/gabriel/.m2/repository/com/google/api-client/google-api-client-gson/2.2.0/google-api-client-gson-2.2.0.jar:/Users/gabriel/.m2/repository/com/google/http-client/google-http-client/1.43.1/google-http-client-1.43.1.jar:/Users/gabriel/.m2/repository/com/google/cloud/google-cloud-storage/2.22.4/google-cloud-storage-2.22.4.jar:/Users/gabriel/.m2/repository/com/google/http-client/google-http-client-jackson2/1.43.1/google-http-client-jackson2-1.43.1.jar:/Users/gabriel/.m2/repository/com/google/apis/google-api-services-storage/v1-rev20230301-2.0.0/google-api-services-storage-v1-rev20230301-2.0.0.jar:/Users/gabriel/.m2/repository/com/google/cloud/google-cloud-core-http/2.19.0/google-cloud-core-http-2.19.0.jar:/Users/gabriel/.m2/repository/com/google/http-client/google-http-client-appengine/1.43.1/google-http-client-appengine-1.43.1.jar:/Users/gabriel/.m2/repository/com/google/api/grpc/proto-google-cloud-storage-v2/2.22.4-alpha/proto-google-cloud-storage-v2-2.22.4-alpha.jar:/Users/gabriel/.m2/repository/com/google/api/grpc/grpc-google-cloud-storage-v2/2.22.4-alpha/grpc-google-cloud-storage-v2-2.22.4-alpha.jar:/Users/gabriel/.m2/repository/com/google/api/grpc/gapic-google-cloud-storage-v2/2.22.4-alpha/gapic-google-cloud-storage-v2-2.22.4-alpha.jar:/Users/gabriel/.m2/repository/com/fasterxml/jackson/core/jackson-core/2.14.2/jackson-core-2.14.2.jar:/Users/gabriel/.m2/repository/io/grpc/grpc-rls/1.55.1/grpc-rls-1.55.1.jar:/Users/gabriel/.m2/repository/com/google/guava/guava/31.1-jre/guava-31.1-jre.jar:/Users/gabriel/.m2/repository/org/slf4j/slf4j-api/2.0.7/slf4j-api-2.0.7.jar:/Users/gabriel/.m2/repository/io/netty/netty-codec-http/4.1.94.Final/netty-codec-http-4.1.94.Final.jar:/Users/gabriel/.m2/repository/io/netty/netty-common/4.1.94.Final/netty-common-4.1.94.Final.jar:/Users/gabriel/.m2/repository/io/netty/netty-buffer/4.1.94.Final/netty-buffer-4.1.94.Final.jar:/Users/gabriel/.m2/repository/io/netty/netty-codec/4.1.94.Final/netty-codec-4.1.94.Final.jar:/Users/gabriel/.m2/repository/io/netty/netty-handler/4.1.94.Final/netty-handler-4.1.94.Final.jar:/Users/gabriel/.m2/repository/io/netty/netty-resolver/4.1.94.Final/netty-resolver-4.1.94.Final.jar:/Users/gabriel/.m2/repository/io/netty/netty-transport-native-unix-common/4.1.94.Final/netty-transport-native-unix-common-4.1.94.Final.jar:/Users/gabriel/.m2/repository/io/netty/netty-transport/4.1.94.Final/netty-transport-4.1.94.Final.jar:/Users/gabriel/.m2/repository/com/google/cloud/google-cloud-core-grpc/2.8.20/google-cloud-core-grpc-2.8.20.jar:/Users/gabriel/.m2/repository/io/grpc/grpc-core/1.49.2/grpc-core-1.49.2.jar:/Users/gabriel/.m2/repository/com/google/android/annotations/4.1.1.4/annotations-4.1.1.4.jar:/Users/gabriel/.m2/repository/org/codehaus/mojo/animal-sniffer-annotations/1.22/animal-sniffer-annotations-1.22.jar:/Users/gabriel/.m2/repository/io/perfmark/perfmark-api/0.25.0/perfmark-api-0.25.0.jar:/Users/gabriel/.m2/repository/org/apache/httpcomponents/httpclient/4.5.13/httpclient-4.5.13.jar:/Users/gabriel/.m2/repository/commons-logging/commons-logging/1.2/commons-logging-1.2.jar:/Users/gabriel/.m2/repository/commons-codec/commons-codec/1.15/commons-codec-1.15.jar:/Users/gabriel/.m2/repository/org/apache/httpcomponents/httpcore/4.4.15/httpcore-4.4.15.jar:/Users/gabriel/.m2/repository/io/opencensus/opencensus-contrib-http-util/0.31.1/opencensus-contrib-http-util-0.31.1.jar:/Users/gabriel/.m2/repository/com/google/api/grpc/proto-google-cloud-firestore-v1/3.6.0/proto-google-cloud-firestore-v1-3.6.0.jar:/Users/gabriel/.m2/repository/com/google/cloud/proto-google-cloud-firestore-bundle-v1/3.6.0/proto-google-cloud-firestore-bundle-v1-3.6.0.jar:/Users/gabriel/.m2/repository/com/google/auto/value/auto-value-annotations/1.9/auto-value-annotations-1.9.jar:/Users/gabriel/.m2/repository/io/opencensus/opencensus-contrib-grpc-util/0.31.1/opencensus-contrib-grpc-util-0.31.1.jar:/Users/gabriel/.m2/repository/com/google/code/findbugs/jsr305/3.0.2/jsr305-3.0.2.jar:/Users/gabriel/.m2/repository/javax/annotation/javax.annotation-api/1.3.2/javax.annotation-api-1.3.2.jar:/Users/gabriel/.m2/repository/io/grpc/grpc-protobuf/1.49.2/grpc-protobuf-1.49.2.jar:/Users/gabriel/.m2/repository/io/grpc/grpc-protobuf-lite/1.49.2/grpc-protobuf-lite-1.49.2.jar:/Users/gabriel/.m2/repository/io/grpc/grpc-context/1.49.2/grpc-context-1.49.2.jar:/Users/gabriel/.m2/repository/com/google/protobuf/protobuf-java/3.21.7/protobuf-java-3.21.7.jar:/Users/gabriel/.m2/repository/com/google/api/grpc/proto-google-common-protos/2.9.6/proto-google-common-protos-2.9.6.jar:/Users/gabriel/.m2/repository/com/google/api/gax/2.19.2/gax-2.19.2.jar:/Users/gabriel/.m2/repository/io/grpc/grpc-api/1.49.2/grpc-api-1.49.2.jar:/Users/gabriel/.m2/repository/com/google/errorprone/error_prone_annotations/2.15.0/error_prone_annotations-2.15.0.jar:/Users/gabriel/.m2/repository/com/google/api/gax-grpc/2.19.2/gax-grpc-2.19.2.jar:/Users/gabriel/.m2/repository/io/grpc/grpc-alts/1.49.2/grpc-alts-1.49.2.jar:/Users/gabriel/.m2/repository/io/grpc/grpc-grpclb/1.49.2/grpc-grpclb-1.49.2.jar:/Users/gabriel/.m2/repository/org/conscrypt/conscrypt-openjdk-uber/2.5.2/conscrypt-openjdk-uber-2.5.2.jar:/Users/gabriel/.m2/repository/io/grpc/grpc-auth/1.49.2/grpc-auth-1.49.2.jar:/Users/gabriel/.m2/repository/io/grpc/grpc-netty-shaded/1.49.2/grpc-netty-shaded-1.49.2.jar:/Users/gabriel/.m2/repository/io/grpc/grpc-googleapis/1.49.2/grpc-googleapis-1.49.2.jar:/Users/gabriel/.m2/repository/io/grpc/grpc-xds/1.49.2/grpc-xds-1.49.2.jar:/Users/gabriel/.m2/repository/io/opencensus/opencensus-proto/0.2.0/opencensus-proto-0.2.0.jar:/Users/gabriel/.m2/repository/io/grpc/grpc-services/1.49.2/grpc-services-1.49.2.jar:/Users/gabriel/.m2/repository/com/google/re2j/re2j/1.6/re2j-1.6.jar:/Users/gabriel/.m2/repository/com/google/api/gax-httpjson/0.104.2/gax-httpjson-0.104.2.jar:/Users/gabriel/.m2/repository/com/google/guava/failureaccess/1.0.1/failureaccess-1.0.1.jar:/Users/gabriel/.m2/repository/com/google/guava/listenablefuture/9999.0-empty-to-avoid-conflict-with-guava/listenablefuture-9999.0-empty-to-avoid-conflict-with-guava.jar:/Users/gabriel/.m2/repository/com/google/j2objc/j2objc-annotations/1.3/j2objc-annotations-1.3.jar:/Users/gabriel/.m2/repository/org/threeten/threetenbp/1.6.2/threetenbp-1.6.2.jar:/Users/gabriel/.m2/repository/io/grpc/grpc-stub/1.49.2/grpc-stub-1.49.2.jar:/Users/gabriel/.m2/repository/io/opencensus/opencensus-api/0.31.1/opencensus-api-0.31.1.jar:/Users/gabriel/.m2/repository/com/google/api/grpc/proto-google-iam-v1/1.6.2/proto-google-iam-v1-1.6.2.jar:/Users/gabriel/.m2/repository/com/google/http-client/google-http-client-gson/1.42.2/google-http-client-gson-1.42.2.jar:/Users/gabriel/.m2/repository/com/google/code/gson/gson/2.9.1/gson-2.9.1.jar:/Users/gabriel/.m2/repository/com/google/protobuf/protobuf-java-util/3.21.7/protobuf-java-util-3.21.7.jar:"/>
    <property name="sun.cpu.endian" value="little"/>
    <property name="user.home" value="/Users/gabriel"/>
    <property name="user.language" value="en"/>
    <property name="java.specification.vendor" value="Oracle Corporation"/>
    <property name="jdk.module.path" value="/Users/gabriel/Food-Recipe-Platform/target/classes:/Users/gabriel/.m2/repository/com/googlecode/json-simple/json-simple/1.1.1/json-simple-1.1.1.jar:/Users/gabriel/.m2/repository/org/openjfx/javafx-controls/21/javafx-controls-21-mac.jar:/Users/gabriel/.m2/repository/org/openjfx/javafx-graphics/21/javafx-graphics-21-mac.jar:/Users/gabriel/.m2/repository/org/openjfx/javafx-base/21/javafx-base-21-mac.jar:/Users/gabriel/.m2/repository/org/openjfx/javafx-fxml/21/javafx-fxml-21-mac.jar:/Users/gabriel/.m2/repository/org/controlsfx/controlsfx/11.2.1/controlsfx-11.2.1.jar:/Users/gabriel/.m2/repository/com/dlsc/formsfx/formsfx-core/11.6.0/formsfx-core-11.6.0.jar:/Users/gabriel/.m2/repository/org/kordamp/bootstrapfx/bootstrapfx-core/0.4.0/bootstrapfx-core-0.4.0.jar:/Users/gabriel/.m2/repository/com/google/firebase/firebase-admin/9.2.0/firebase-admin-9.2.0.jar:/Users/gabriel/.m2/repository/com/google/api/api-common/2.12.0/api-common-2.12.0.jar:/Users/gabriel/.m2/repository/com/google/cloud/google-cloud-firestore/3.6.0/google-cloud-firestore-3.6.0.jar:/Users/gabriel/.m2/repository/org/checkerframework/checker-qual/3.25.0/checker-qual-3.25.0.jar:/Users/gabriel/.m2/repository/com/google/auth/google-auth-library-credentials/1.11.0/google-auth-library-credentials-1.11.0.jar:/Users/gabriel/.m2/repository/com/google/cloud/google-cloud-core/1.70.0/google-cloud-core-1.70.0.jar:/Users/gabriel/.m2/repository/com/google/auth/google-auth-library-oauth2-http/1.11.0/google-auth-library-oauth2-http-1.11.0.jar:/Users/gabriel/.m2/repository/org/json/json/20210307/json-20210307.jar"/>
    <property name="java.version.date" value="2025-01-21"/>
    <property name="java.home" value="/usr/local/Cellar/openjdk/23.0.2/libexec/openjdk.jdk/Contents/Home"/>
    <property name="file.separator" value="/"/>
    <property name="basedir" value="/Users/gabriel/Food-Recipe-Platform"/>
    <property name="java.vm.compressedOopsMode" value="Zero based"/>
    <property name="line.separator" value="&#10;"/>
    <property name="java.vm.specification.vendor" value="Oracle Corporation"/>
    <property name="java.specification.name" value="Java Platform API Specification"/>
    <property name="apple.awt.application.name" value="ForkedBooter"/>
    <property name="surefire.real.class.path" value="/Users/gabriel/.m2/repository/org/apache/maven/surefire/surefire-booter/3.2.5/surefire-booter-3.2.5.jar:/Users/gabriel/.m2/repository/org/apache/maven/surefire/surefire-api/3.2.5/surefire-api-3.2.5.jar:/Users/gabriel/.m2/repository/org/apache/maven/surefire/surefire-logger-api/3.2.5/surefire-logger-api-3.2.5.jar:/Users/gabriel/.m2/repository/org/apache/maven/surefire/surefire-shared-utils/3.2.5/surefire-shared-utils-3.2.5.jar:/Users/gabriel/.m2/repository/org/apache/maven/surefire/surefire-extensions-spi/3.2.5/surefire-extensions-spi-3.2.5.jar:/Users/gabriel/Food-Recipe-Platform/target/test-classes:/Users/gabriel/.m2/repository/junit/junit/4.10/junit-4.10.jar:/Users/gabriel/.m2/repository/org/hamcrest/hamcrest-core/1.1/hamcrest-core-1.1.jar:/Users/gabriel/.m2/repository/org/openjfx/javafx-controls/21/javafx-controls-21.jar:/Users/gabriel/.m2/repository/org/openjfx/javafx-graphics/21/javafx-graphics-21.jar:/Users/gabriel/.m2/repository/org/openjfx/javafx-base/21/javafx-base-21.jar:/Users/gabriel/.m2/repository/org/openjfx/javafx-fxml/21/javafx-fxml-21.jar:/Users/gabriel/.m2/repository/org/junit/jupiter/junit-jupiter-api/5.10.2/junit-jupiter-api-5.10.2.jar:/Users/gabriel/.m2/repository/org/opentest4j/opentest4j/1.3.0/opentest4j-1.3.0.jar:/Users/gabriel/.m2/repository/org/junit/platform/junit-platform-commons/1.10.2/junit-platform-commons-1.10.2.jar:/Users/gabriel/.m2/repository/org/apiguardian/apiguardian-api/1.1.2/apiguardian-api-1.1.2.jar:/Users/gabriel/.m2/repository/org/junit/jupiter/junit-jupiter-engine/5.10.0/junit-jupiter-engine-5.10.0.jar:/Users/gabriel/.m2/repository/org/junit/platform/junit-platform-engine/1.10.0/junit-platform-engine-1.10.0.jar:/Users/gabriel/.m2/repository/com/google/api-client/google-api-client/2.2.0/google-api-client-2.2.0.jar:/Users/gabriel/.m2/repository/com/google/oauth-client/google-oauth-client/1.34.1/google-oauth-client-1.34.1.jar:/Users/gabriel/.m2/repository/com/google/http-client/google-http-client-apache-v2/1.42.3/google-http-client-apache-v2-1.42.3.jar:/Users/gabriel/.m2/repository/com/google/api-client/google-api-client-gson/2.2.0/google-api-client-gson-2.2.0.jar:/Users/gabriel/.m2/repository/com/google/http-client/google-http-client/1.43.1/google-http-client-1.43.1.jar:/Users/gabriel/.m2/repository/com/google/cloud/google-cloud-storage/2.22.4/google-cloud-storage-2.22.4.jar:/Users/gabriel/.m2/repository/com/google/http-client/google-http-client-jackson2/1.43.1/google-http-client-jackson2-1.43.1.jar:/Users/gabriel/.m2/repository/com/google/apis/google-api-services-storage/v1-rev20230301-2.0.0/google-api-services-storage-v1-rev20230301-2.0.0.jar:/Users/gabriel/.m2/repository/com/google/cloud/google-cloud-core-http/2.19.0/google-cloud-core-http-2.19.0.jar:/Users/gabriel/.m2/repository/com/google/http-client/google-http-client-appengine/1.43.1/google-http-client-appengine-1.43.1.jar:/Users/gabriel/.m2/repository/com/google/api/grpc/proto-google-cloud-storage-v2/2.22.4-alpha/proto-google-cloud-storage-v2-2.22.4-alpha.jar:/Users/gabriel/.m2/repository/com/google/api/grpc/grpc-google-cloud-storage-v2/2.22.4-alpha/grpc-google-cloud-storage-v2-2.22.4-alpha.jar:/Users/gabriel/.m2/repository/com/google/api/grpc/gapic-google-cloud-storage-v2/2.22.4-alpha/gapic-google-cloud-storage-v2-2.22.4-alpha.jar:/Users/gabriel/.m2/repository/com/fasterxml/jackson/core/jackson-core/2.14.2/jackson-core-2.14.2.jar:/Users/gabriel/.m2/repository/io/grpc/grpc-rls/1.55.1/grpc-rls-1.55.1.jar:/Users/gabriel/.m2/repository/com/google/guava/guava/31.1-jre/guava-31.1-jre.jar:/Users/gabriel/.m2/repository/org/slf4j/slf4j-api/2.0.7/slf4j-api-2.0.7.jar:/Users/gabriel/.m2/repository/io/netty/netty-codec-http/4.1.94.Final/netty-codec-http-4.1.94.Final.jar:/Users/gabriel/.m2/repository/io/netty/netty-common/4.1.94.Final/netty-common-4.1.94.Final.jar:/Users/gabriel/.m2/repository/io/netty/netty-buffer/4.1.94.Final/netty-buffer-4.1.94.Final.jar:/Users/gabriel/.m2/repository/io/netty/netty-codec/4.1.94.Final/netty-codec-4.1.94.Final.jar:/Users/gabriel/.m2/repository/io/netty/netty-handler/4.1.94.Final/netty-handler-4.1.94.Final.jar:/Users/gabriel/.m2/repository/io/netty/netty-resolver/4.1.94.Final/netty-resolver-4.1.94.Final.jar:/Users/gabriel/.m2/repository/io/netty/netty-transport-native-unix-common/4.1.94.Final/netty-transport-native-unix-common-4.1.94.Final.jar:/Users/gabriel/.m2/repository/io/netty/netty-transport/4.1.94.Final/netty-transport-4.1.94.Final.jar:/Users/gabriel/.m2/repository/com/google/cloud/google-cloud-core-grpc/2.8.20/google-cloud-core-grpc-2.8.20.jar:/Users/gabriel/.m2/repository/io/grpc/grpc-core/1.49.2/grpc-core-1.49.2.jar:/Users/gabriel/.m2/repository/com/google/android/annotations/4.1.1.4/annotations-4.1.1.4.jar:/Users/gabriel/.m2/repository/org/codehaus/mojo/animal-sniffer-annotations/1.22/animal-sniffer-annotations-1.22.jar:/Users/gabriel/.m2/repository/io/perfmark/perfmark-api/0.25.0/perfmark-api-0.25.0.jar:/Users/gabriel/.m2/repository/org/apache/httpcomponents/httpclient/4.5.13/httpclient-4.5.13.jar:/Users/gabriel/.m2/repository/commons-logging/commons-logging/1.2/commons-logging-1.2.jar:/Users/gabriel/.m2/repository/commons-codec/commons-codec/1.15/commons-codec-1.15.jar:/Users/gabriel/.m2/repository/org/apache/httpcomponents/httpcore/4.4.15/httpcore-4.4.15.jar:/Users/gabriel/.m2/repository/io/opencensus/opencensus-contrib-http-util/0.31.1/opencensus-contrib-http-util-0.31.1.jar:/Users/gabriel/.m2/repository/com/google/api/grpc/proto-google-cloud-firestore-v1/3.6.0/proto-google-cloud-firestore-v1-3.6.0.jar:/Users/gabriel/.m2/repository/com/google/cloud/proto-google-cloud-firestore-bundle-v1/3.6.0/proto-google-cloud-firestore-bundle-v1-3.6.0.jar:/Users/gabriel/.m2/repository/com/google/auto/value/auto-value-annotations/1.9/auto-value-annotations-1.9.jar:/Users/gabriel/.m2/repository/io/opencensus/opencensus-contrib-grpc-util/0.31.1/opencensus-contrib-grpc-util-0.31.1.jar:/Users/gabriel/.m2/repository/com/google/code/findbugs/jsr305/3.0.2/jsr305-3.0.2.jar:/Users/gabriel/.m2/repository/javax/annotation/javax.annotation-api/1.3.2/javax.annotation-api-1.3.2.jar:/Users/gabriel/.m2/repository/io/grpc/grpc-protobuf/1.49.2/grpc-protobuf-1.49.2.jar:/Users/gabriel/.m2/repository/io/grpc/grpc-protobuf-lite/1.49.2/grpc-protobuf-lite-1.49.2.jar:/Users/gabriel/.m2/repository/io/grpc/grpc-context/1.49.2/grpc-context-1.49.2.jar:/Users/gabriel/.m2/repository/com/google/protobuf/protobuf-java/3.21.7/protobuf-java-3.21.7.jar:/Users/gabriel/.m2/repository/com/google/api/grpc/proto-google-common-protos/2.9.6/proto-google-common-protos-2.9.6.jar:/Users/gabriel/.m2/repository/com/google/api/gax/2.19.2/gax-2.19.2.jar:/Users/gabriel/.m2/repository/io/grpc/grpc-api/1.49.2/grpc-api-1.49.2.jar:/Users/gabriel/.m2/repository/com/google/errorprone/error_prone_annotations/2.15.0/error_prone_annotations-2.15.0.jar:/Users/gabriel/.m2/repository/com/google/api/gax-grpc/2.19.2/gax-grpc-2.19.2.jar:/Users/gabriel/.m2/repository/io/grpc/grpc-alts/1.49.2/grpc-alts-1.49.2.jar:/Users/gabriel/.m2/repository/io/grpc/grpc-grpclb/1.49.2/grpc-grpclb-1.49.2.jar:/Users/gabriel/.m2/repository/org/conscrypt/conscrypt-openjdk-uber/2.5.2/conscrypt-openjdk-uber-2.5.2.jar:/Users/gabriel/.m2/repository/io/grpc/grpc-auth/1.49.2/grpc-auth-1.49.2.jar:/Users/gabriel/.m2/repository/io/grpc/grpc-netty-shaded/1.49.2/grpc-netty-shaded-1.49.2.jar:/Users/gabriel/.m2/repository/io/grpc/grpc-googleapis/1.49.2/grpc-googleapis-1.49.2.jar:/Users/gabriel/.m2/repository/io/grpc/grpc-xds/1.49.2/grpc-xds-1.49.2.jar:/Users/gabriel/.m2/repository/io/opencensus/opencensus-proto/0.2.0/opencensus-proto-0.2.0.jar:/Users/gabriel/.m2/repository/io/grpc/grpc-services/1.49.2/grpc-services-1.49.2.jar:/Users/gabriel/.m2/repository/com/google/re2j/re2j/1.6/re2j-1.6.jar:/Users/gabriel/.m2/repository/com/google/api/gax-httpjson/0.104.2/gax-httpjson-0.104.2.jar:/Users/gabriel/.m2/repository/com/google/guava/failureaccess/1.0.1/failureaccess-1.0.1.jar:/Users/gabriel/.m2/repository/com/google/guava/listenablefuture/9999.0-empty-to-avoid-conflict-with-guava/listenablefuture-9999.0-empty-to-avoid-conflict-with-guava.jar:/Users/gabriel/.m2/repository/com/google/j2objc/j2objc-annotations/1.3/j2objc-annotations-1.3.jar:/Users/gabriel/.m2/repository/org/threeten/threetenbp/1.6.2/threetenbp-1.6.2.jar:/Users/gabriel/.m2/repository/io/grpc/grpc-stub/1.49.2/grpc-stub-1.49.2.jar:/Users/gabriel/.m2/repository/io/opencensus/opencensus-api/0.31.1/opencensus-api-0.31.1.jar:/Users/gabriel/.m2/repository/com/google/api/grpc/proto-google-iam-v1/1.6.2/proto-google-iam-v1-1.6.2.jar:/Users/gabriel/.m2/repository/com/google/http-client/google-http-client-gson/1.42.2/google-http-client-gson-1.42.2.jar:/Users/gabriel/.m2/repository/com/google/code/gson/gson/2.9.1/gson-2.9.1.jar:/Users/gabriel/.m2/repository/com/google/protobuf/protobuf-java-util/3.21.7/protobuf-java-util-3.21.7.jar:/Users/gabriel/.m2/repository/org/apache/maven/surefire/surefire-junit-platform/3.2.5/surefire-junit-platform-3.2.5.jar:/Users/gabriel/.m2/repository/org/apache/maven/surefire/common-java5/3.2.5/common-java5-3.2.5.jar:/Users/gabriel/.m2/repository/org/junit/platform/junit-platform-launcher/1.10.2/junit-platform-launcher-1.10.2.jar"/>
    <property name="sun.management.compiler" value="HotSpot 64-Bit Tiered Compilers"/>
    <property name="ftp.nonProxyHosts" value="local|*.local|169.254/16|*.169.254/16"/>
    <property name="java.runtime.version" value="23.0.2"/>
    <property name="user.name" value="gabriel"/>
    <property name="stdout.encoding" value="UTF-8"/>
    <property name="path.separator" value=":"/>
    <property name="os.version" value="15.4.1"/>
    <property name="java.runtime.name" value="OpenJDK Runtime Environment"/>
    <property name="file.encoding" value="UTF-8"/>
    <property name="java.vm.name" value="OpenJDK 64-Bit Server VM"/>
    <property name="java.vendor.version" value="Homebrew"/>
    <property name="localRepository" value="/Users/gabriel/.m2/repository"/>
    <property name="java.vendor.url.bug" value="https://github.com/Homebrew/homebrew-core/issues"/>
    <property name="java.io.tmpdir" value="/var/folders/64/2j2zxp_52kx5g8p6p3rv36v80000gn/T/"/>
    <property name="java.version" value="23.0.2"/>
    <property name="user.dir" value="/Users/gabriel/Food-Recipe-Platform"/>
    <property name="os.arch" value="x86_64"/>
    <property name="java.vm.specification.name" value="Java Virtual Machine Specification"/>
    <property name="native.encoding" value="UTF-8"/>
    <property name="java.library.path" value="/Users/gabriel/Library/Java/Extensions:/Library/Java/Extensions:/Network/Library/Java/Extensions:/System/Library/Java/Extensions:/usr/lib/java:."/>
    <property name="java.vm.info" value="mixed mode"/>
    <property name="stderr.encoding" value="UTF-8"/>
    <property name="java.vendor" value="Homebrew"/>
    <property name="java.vm.version" value="23.0.2"/>
    <property name="sun.io.unicode.encoding" value="UnicodeBig"/>
    <property name="socksNonProxyHosts" value="local|*.local|169.254/16|*.169.254/16"/>
    <property name="java.class.version" value="67.0"/>
  </properties>
  <testcase name="getFoodName" classname="org.example.foodrecipeplatform.CardDataTest" time="0.036"/>
  <testcase name="getAnotherMealId" classname="org.example.foodrecipeplatform.CardDataTest" time="0.003"/>
  <testcase name="getDifferentDescription" classname="org.example.foodrecipeplatform.CardDataTest" time="0.002"/>
  <testcase name="getFoodName_WithEmptyName" classname="org.example.foodrecipeplatform.CardDataTest" time="0.003"/>
  <testcase name="getFoodName_WithDifferentName" classname="org.example.foodrecipeplatform.CardDataTest" time="0.001"/>
  <testcase name="getMealId" classname="org.example.foodrecipeplatform.CardDataTest" time="0.003"/>
  <testcase name="getNullMealId" classname="org.example.foodrecipeplatform.CardDataTest" time="0.003"/>
  <testcase name="getEmptyDescription" classname="org.example.foodrecipeplatform.CardDataTest" time="0.002"/>
  <testcase name="getDescription" classname="org.example.foodrecipeplatform.CardDataTest" time="0.002"/>
</testsuite>